{"/home/domingo/test_CI/app/app.js": {"path":"/home/domingo/test_CI/app/app.js","statementMap":{"0":{"start":{"line":1,"column":14},"end":{"line":1,"column":32}},"1":{"start":{"line":2,"column":17},"end":{"line":2,"column":39}},"2":{"start":{"line":3,"column":12},"end":{"line":3,"column":38}},"3":{"start":{"line":4,"column":11},"end":{"line":4,"column":36}},"4":{"start":{"line":6,"column":10},"end":{"line":6,"column":19}},"5":{"start":{"line":8,"column":0},"end":{"line":8,"column":26}},"6":{"start":{"line":9,"column":0},"end":{"line":9,"column":51}},"7":{"start":{"line":11,"column":0},"end":{"line":11,"column":14}},"8":{"start":{"line":12,"column":0},"end":{"line":12,"column":13}},"9":{"start":{"line":14,"column":0},"end":{"line":14,"column":20}}},"fnMap":{},"branchMap":{},"s":{"0":1,"1":1,"2":1,"3":1,"4":1,"5":1,"6":1,"7":1,"8":1,"9":1},"f":{},"b":{},"_coverageSchema":"43e27e138ebf9cfc5966b082cf9a028302ed4184","hash":"b0ee50a96e26295e8a503f1e9891801c971375a1"}
,"/home/domingo/test_CI/data/tvaRates.js": {"path":"/home/domingo/test_CI/data/tvaRates.js","statementMap":{"0":{"start":{"line":2,"column":18},"end":{"line":2,"column":27}},"1":{"start":{"line":3,"column":0},"end":{"line":3,"column":27}},"2":{"start":{"line":4,"column":0},"end":{"line":4,"column":26}},"3":{"start":{"line":5,"column":0},"end":{"line":5,"column":27}},"4":{"start":{"line":6,"column":0},"end":{"line":6,"column":26}},"5":{"start":{"line":7,"column":0},"end":{"line":7,"column":27}},"6":{"start":{"line":8,"column":0},"end":{"line":8,"column":27}},"7":{"start":{"line":9,"column":0},"end":{"line":9,"column":26}},"8":{"start":{"line":10,"column":0},"end":{"line":10,"column":26}},"9":{"start":{"line":11,"column":0},"end":{"line":11,"column":27}},"10":{"start":{"line":12,"column":0},"end":{"line":12,"column":26}},"11":{"start":{"line":13,"column":0},"end":{"line":13,"column":27}},"12":{"start":{"line":14,"column":0},"end":{"line":14,"column":27}},"13":{"start":{"line":15,"column":0},"end":{"line":15,"column":27}},"14":{"start":{"line":16,"column":0},"end":{"line":16,"column":27}},"15":{"start":{"line":17,"column":0},"end":{"line":17,"column":27}},"16":{"start":{"line":18,"column":0},"end":{"line":18,"column":27}},"17":{"start":{"line":19,"column":0},"end":{"line":19,"column":27}},"18":{"start":{"line":20,"column":0},"end":{"line":20,"column":27}},"19":{"start":{"line":21,"column":0},"end":{"line":21,"column":27}},"20":{"start":{"line":22,"column":0},"end":{"line":22,"column":27}},"21":{"start":{"line":23,"column":0},"end":{"line":23,"column":27}},"22":{"start":{"line":24,"column":0},"end":{"line":24,"column":27}},"23":{"start":{"line":25,"column":0},"end":{"line":25,"column":27}},"24":{"start":{"line":26,"column":0},"end":{"line":26,"column":26}},"25":{"start":{"line":27,"column":0},"end":{"line":27,"column":27}},"26":{"start":{"line":28,"column":0},"end":{"line":28,"column":27}},"27":{"start":{"line":29,"column":0},"end":{"line":29,"column":27}},"28":{"start":{"line":30,"column":0},"end":{"line":30,"column":26}},"29":{"start":{"line":33,"column":0},"end":{"line":33,"column":33}}},"fnMap":{},"branchMap":{},"s":{"0":2,"1":2,"2":2,"3":2,"4":2,"5":2,"6":2,"7":2,"8":2,"9":2,"10":2,"11":2,"12":2,"13":2,"14":2,"15":2,"16":2,"17":2,"18":2,"19":2,"20":2,"21":2,"22":2,"23":2,"24":2,"25":2,"26":2,"27":2,"28":2,"29":2},"f":{},"b":{},"_coverageSchema":"43e27e138ebf9cfc5966b082cf9a028302ed4184","hash":"92946749b1e0e40c5e638ae2546e771fad192561"}
,"/home/domingo/test_CI/exchangeRatesAPI/ApiEndpoints.js": {"path":"/home/domingo/test_CI/exchangeRatesAPI/ApiEndpoints.js","statementMap":{"0":{"start":{"line":2,"column":16},"end":{"line":2,"column":56}},"1":{"start":{"line":4,"column":0},"end":{"line":6,"column":1}}},"fnMap":{},"branchMap":{},"s":{"0":3,"1":3},"f":{},"b":{},"_coverageSchema":"43e27e138ebf9cfc5966b082cf9a028302ed4184","hash":"a77a0a9298990dad51874a3d571b224a61a9cbf2"}
,"/home/domingo/test_CI/httpRequest/axiosRequest.js": {"path":"/home/domingo/test_CI/httpRequest/axiosRequest.js","statementMap":{"0":{"start":{"line":1,"column":14},"end":{"line":1,"column":30}},"1":{"start":{"line":4,"column":2},"end":{"line":15,"column":6}},"2":{"start":{"line":5,"column":4},"end":{"line":11,"column":8}},"3":{"start":{"line":7,"column":8},"end":{"line":7,"column":25}},"4":{"start":{"line":10,"column":8},"end":{"line":10,"column":21}},"5":{"start":{"line":14,"column":6},"end":{"line":14,"column":17}},"6":{"start":{"line":18,"column":0},"end":{"line":20,"column":1}}},"fnMap":{"0":{"name":"requestGet","decl":{"start":{"line":3,"column":9},"end":{"line":3,"column":19}},"loc":{"start":{"line":3,"column":26},"end":{"line":16,"column":1}},"line":3},"1":{"name":"(anonymous_1)","decl":{"start":{"line":4,"column":21},"end":{"line":4,"column":22}},"loc":{"start":{"line":4,"column":42},"end":{"line":12,"column":3}},"line":4},"2":{"name":"(anonymous_2)","decl":{"start":{"line":6,"column":12},"end":{"line":6,"column":13}},"loc":{"start":{"line":6,"column":21},"end":{"line":8,"column":7}},"line":6},"3":{"name":"(anonymous_3)","decl":{"start":{"line":9,"column":13},"end":{"line":9,"column":14}},"loc":{"start":{"line":9,"column":24},"end":{"line":11,"column":7}},"line":9},"4":{"name":"(anonymous_4)","decl":{"start":{"line":13,"column":11},"end":{"line":13,"column":12}},"loc":{"start":{"line":13,"column":22},"end":{"line":15,"column":5}},"line":13}},"branchMap":{},"s":{"0":3,"1":19,"2":19,"3":16,"4":1,"5":1,"6":3},"f":{"0":19,"1":19,"2":16,"3":1,"4":1},"b":{},"_coverageSchema":"43e27e138ebf9cfc5966b082cf9a028302ed4184","hash":"c9aad9fd32dbcd1719bbda079da8014f86a873a7"}
,"/home/domingo/test_CI/routes/bill.js": {"path":"/home/domingo/test_CI/routes/bill.js","statementMap":{"0":{"start":{"line":1,"column":14},"end":{"line":1,"column":32}},"1":{"start":{"line":2,"column":13},"end":{"line":2,"column":29}},"2":{"start":{"line":3,"column":12},"end":{"line":3,"column":40}},"3":{"start":{"line":5,"column":0},"end":{"line":15,"column":4}},"4":{"start":{"line":7,"column":17},"end":{"line":7,"column":25}},"5":{"start":{"line":8,"column":4},"end":{"line":14,"column":8}},"6":{"start":{"line":10,"column":8},"end":{"line":10,"column":34}},"7":{"start":{"line":13,"column":8},"end":{"line":13,"column":45}},"8":{"start":{"line":17,"column":0},"end":{"line":17,"column":23}}},"fnMap":{"0":{"name":"(anonymous_0)","decl":{"start":{"line":6,"column":8},"end":{"line":6,"column":9}},"loc":{"start":{"line":6,"column":28},"end":{"line":15,"column":3}},"line":6},"1":{"name":"(anonymous_1)","decl":{"start":{"line":9,"column":12},"end":{"line":9,"column":13}},"loc":{"start":{"line":9,"column":23},"end":{"line":11,"column":7}},"line":9},"2":{"name":"(anonymous_2)","decl":{"start":{"line":12,"column":13},"end":{"line":12,"column":14}},"loc":{"start":{"line":12,"column":24},"end":{"line":14,"column":7}},"line":12}},"branchMap":{},"s":{"0":1,"1":1,"2":1,"3":1,"4":8,"5":8,"6":3,"7":5,"8":1},"f":{"0":8,"1":3,"2":5},"b":{},"_coverageSchema":"43e27e138ebf9cfc5966b082cf9a028302ed4184","hash":"499058dcac9471ea26370912090b97ded62a3a91"}
,"/home/domingo/test_CI/routes/ident.js": {"path":"/home/domingo/test_CI/routes/ident.js","statementMap":{"0":{"start":{"line":1,"column":14},"end":{"line":1,"column":32}},"1":{"start":{"line":2,"column":13},"end":{"line":2,"column":29}},"2":{"start":{"line":4,"column":0},"end":{"line":7,"column":4}},"3":{"start":{"line":6,"column":4},"end":{"line":6,"column":55}},"4":{"start":{"line":9,"column":0},"end":{"line":9,"column":23}}},"fnMap":{"0":{"name":"(anonymous_0)","decl":{"start":{"line":5,"column":7},"end":{"line":5,"column":8}},"loc":{"start":{"line":5,"column":27},"end":{"line":7,"column":3}},"line":5}},"branchMap":{},"s":{"0":1,"1":1,"2":1,"3":1,"4":1},"f":{"0":1},"b":{},"_coverageSchema":"43e27e138ebf9cfc5966b082cf9a028302ed4184","hash":"17932c6a5edb4b32f389db2bcf2a6263b333cc07"}
,"/home/domingo/test_CI/testFunction/basic_check.js": {"path":"/home/domingo/test_CI/testFunction/basic_check.js","statementMap":{"0":{"start":{"line":2,"column":2},"end":{"line":2,"column":71}},"1":{"start":{"line":2,"column":25},"end":{"line":2,"column":69}},"2":{"start":{"line":6,"column":2},"end":{"line":6,"column":61}},"3":{"start":{"line":6,"column":20},"end":{"line":6,"column":59}},"4":{"start":{"line":7,"column":2},"end":{"line":7,"column":15}},"5":{"start":{"line":11,"column":2},"end":{"line":11,"column":76}},"6":{"start":{"line":11,"column":26},"end":{"line":11,"column":74}},"7":{"start":{"line":15,"column":2},"end":{"line":15,"column":68}},"8":{"start":{"line":15,"column":22},"end":{"line":15,"column":66}},"9":{"start":{"line":19,"column":2},"end":{"line":19,"column":71}},"10":{"start":{"line":19,"column":31},"end":{"line":19,"column":69}},"11":{"start":{"line":22,"column":0},"end":{"line":28,"column":1}}},"fnMap":{"0":{"name":"checkTTC","decl":{"start":{"line":1,"column":9},"end":{"line":1,"column":17}},"loc":{"start":{"line":1,"column":24},"end":{"line":3,"column":1}},"line":1},"1":{"name":"isPositive","decl":{"start":{"line":5,"column":9},"end":{"line":5,"column":19}},"loc":{"start":{"line":5,"column":29},"end":{"line":8,"column":1}},"line":5},"2":{"name":"isQuantities","decl":{"start":{"line":10,"column":9},"end":{"line":10,"column":21}},"loc":{"start":{"line":10,"column":29},"end":{"line":12,"column":1}},"line":10},"3":{"name":"isPrices","decl":{"start":{"line":14,"column":9},"end":{"line":14,"column":17}},"loc":{"start":{"line":14,"column":25},"end":{"line":16,"column":1}},"line":14},"4":{"name":"isDevise","decl":{"start":{"line":18,"column":9},"end":{"line":18,"column":17}},"loc":{"start":{"line":18,"column":27},"end":{"line":20,"column":1}},"line":18}},"branchMap":{"0":{"loc":{"start":{"line":2,"column":2},"end":{"line":2,"column":71}},"type":"if","locations":[{"start":{"line":2,"column":2},"end":{"line":2,"column":71}},{"start":{"line":2,"column":2},"end":{"line":2,"column":71}}],"line":2},"1":{"loc":{"start":{"line":2,"column":6},"end":{"line":2,"column":21}},"type":"binary-expr","locations":[{"start":{"line":2,"column":6},"end":{"line":2,"column":10}},{"start":{"line":2,"column":14},"end":{"line":2,"column":21}}],"line":2},"2":{"loc":{"start":{"line":6,"column":2},"end":{"line":6,"column":61}},"type":"if","locations":[{"start":{"line":6,"column":2},"end":{"line":6,"column":61}},{"start":{"line":6,"column":2},"end":{"line":6,"column":61}}],"line":6},"3":{"loc":{"start":{"line":11,"column":2},"end":{"line":11,"column":76}},"type":"if","locations":[{"start":{"line":11,"column":2},"end":{"line":11,"column":76}},{"start":{"line":11,"column":2},"end":{"line":11,"column":76}}],"line":11},"4":{"loc":{"start":{"line":15,"column":2},"end":{"line":15,"column":68}},"type":"if","locations":[{"start":{"line":15,"column":2},"end":{"line":15,"column":68}},{"start":{"line":15,"column":2},"end":{"line":15,"column":68}}],"line":15},"5":{"loc":{"start":{"line":19,"column":2},"end":{"line":19,"column":71}},"type":"if","locations":[{"start":{"line":19,"column":2},"end":{"line":19,"column":71}},{"start":{"line":19,"column":2},"end":{"line":19,"column":71}}],"line":19},"6":{"loc":{"start":{"line":19,"column":6},"end":{"line":19,"column":27}},"type":"binary-expr","locations":[{"start":{"line":19,"column":6},"end":{"line":19,"column":13}},{"start":{"line":19,"column":17},"end":{"line":19,"column":27}}],"line":19}},"s":{"0":23,"1":12,"2":89,"3":5,"4":84,"5":26,"6":1,"7":27,"8":2,"9":8,"10":6,"11":3},"f":{"0":23,"1":89,"2":26,"3":27,"4":8},"b":{"0":[12,11],"1":[23,12],"2":[5,84],"3":[1,25],"4":[2,25],"5":[6,2],"6":[8,3]},"_coverageSchema":"43e27e138ebf9cfc5966b082cf9a028302ed4184","hash":"77a2087e00f2bbbd161b91c92e296884016b45bf"}
,"/home/domingo/test_CI/utils/utils.js": {"path":"/home/domingo/test_CI/utils/utils.js","statementMap":{"0":{"start":{"line":1,"column":15},"end":{"line":1,"column":42}},"1":{"start":{"line":2,"column":12},"end":{"line":2,"column":53}},"2":{"start":{"line":3,"column":12},"end":{"line":3,"column":53}},"3":{"start":{"line":4,"column":16},"end":{"line":4,"column":59}},"4":{"start":{"line":5,"column":18},"end":{"line":5,"column":38}},"5":{"start":{"line":8,"column":12},"end":{"line":8,"column":13}},"6":{"start":{"line":9,"column":14},"end":{"line":9,"column":43}},"7":{"start":{"line":10,"column":2},"end":{"line":10,"column":26}},"8":{"start":{"line":11,"column":2},"end":{"line":11,"column":22}},"9":{"start":{"line":12,"column":2},"end":{"line":14,"column":3}},"10":{"start":{"line":12,"column":15},"end":{"line":12,"column":16}},"11":{"start":{"line":13,"column":4},"end":{"line":13,"column":94}},"12":{"start":{"line":15,"column":2},"end":{"line":15,"column":21}},"13":{"start":{"line":16,"column":2},"end":{"line":16,"column":12}},"14":{"start":{"line":20,"column":2},"end":{"line":20,"column":218}},"15":{"start":{"line":20,"column":22},"end":{"line":20,"column":39}},"16":{"start":{"line":20,"column":47},"end":{"line":20,"column":218}},"17":{"start":{"line":20,"column":67},"end":{"line":20,"column":84}},"18":{"start":{"line":20,"column":92},"end":{"line":20,"column":218}},"19":{"start":{"line":20,"column":111},"end":{"line":20,"column":128}},"20":{"start":{"line":20,"column":136},"end":{"line":20,"column":218}},"21":{"start":{"line":20,"column":155},"end":{"line":20,"column":172}},"22":{"start":{"line":20,"column":180},"end":{"line":20,"column":218}},"23":{"start":{"line":20,"column":199},"end":{"line":20,"column":216}},"24":{"start":{"line":21,"column":2},"end":{"line":21,"column":12}},"25":{"start":{"line":25,"column":14},"end":{"line":25,"column":28}},"26":{"start":{"line":26,"column":2},"end":{"line":35,"column":3}},"27":{"start":{"line":28,"column":6},"end":{"line":28,"column":39}},"28":{"start":{"line":30,"column":6},"end":{"line":30,"column":22}},"29":{"start":{"line":32,"column":6},"end":{"line":32,"column":16}},"30":{"start":{"line":34,"column":6},"end":{"line":34,"column":49}},"31":{"start":{"line":39,"column":2},"end":{"line":39,"column":44}},"32":{"start":{"line":43,"column":2},"end":{"line":43,"column":22}},"33":{"start":{"line":44,"column":2},"end":{"line":44,"column":19}},"34":{"start":{"line":48,"column":2},"end":{"line":60,"column":4}},"35":{"start":{"line":49,"column":19},"end":{"line":49,"column":32}},"36":{"start":{"line":50,"column":4},"end":{"line":59,"column":8}},"37":{"start":{"line":52,"column":32},"end":{"line":52,"column":46}},"38":{"start":{"line":53,"column":8},"end":{"line":53,"column":52}},"39":{"start":{"line":53,"column":28},"end":{"line":53,"column":52}},"40":{"start":{"line":54,"column":23},"end":{"line":54,"column":74}},"41":{"start":{"line":55,"column":8},"end":{"line":55,"column":23}},"42":{"start":{"line":58,"column":8},"end":{"line":58,"column":21}},"43":{"start":{"line":63,"column":0},"end":{"line":69,"column":1}}},"fnMap":{"0":{"name":"ttcPrice","decl":{"start":{"line":7,"column":9},"end":{"line":7,"column":17}},"loc":{"start":{"line":7,"column":25},"end":{"line":17,"column":1}},"line":7},"1":{"name":"applyStandardDiscount","decl":{"start":{"line":19,"column":9},"end":{"line":19,"column":30}},"loc":{"start":{"line":19,"column":37},"end":{"line":22,"column":1}},"line":19},"2":{"name":"discount","decl":{"start":{"line":24,"column":9},"end":{"line":24,"column":17}},"loc":{"start":{"line":24,"column":25},"end":{"line":36,"column":1}},"line":24},"3":{"name":"getExchangeRate","decl":{"start":{"line":38,"column":9},"end":{"line":38,"column":24}},"loc":{"start":{"line":38,"column":28},"end":{"line":40,"column":1}},"line":38},"4":{"name":"applyConversion","decl":{"start":{"line":42,"column":9},"end":{"line":42,"column":24}},"loc":{"start":{"line":42,"column":37},"end":{"line":45,"column":1}},"line":42},"5":{"name":"finalPrice","decl":{"start":{"line":47,"column":9},"end":{"line":47,"column":19}},"loc":{"start":{"line":47,"column":27},"end":{"line":61,"column":1}},"line":47},"6":{"name":"(anonymous_6)","decl":{"start":{"line":48,"column":21},"end":{"line":48,"column":22}},"loc":{"start":{"line":48,"column":42},"end":{"line":60,"column":3}},"line":48},"7":{"name":"(anonymous_7)","decl":{"start":{"line":51,"column":12},"end":{"line":51,"column":13}},"loc":{"start":{"line":51,"column":21},"end":{"line":56,"column":7}},"line":51},"8":{"name":"(anonymous_8)","decl":{"start":{"line":57,"column":13},"end":{"line":57,"column":14}},"loc":{"start":{"line":57,"column":24},"end":{"line":59,"column":7}},"line":57}},"branchMap":{"0":{"loc":{"start":{"line":20,"column":2},"end":{"line":20,"column":218}},"type":"if","locations":[{"start":{"line":20,"column":2},"end":{"line":20,"column":218}},{"start":{"line":20,"column":2},"end":{"line":20,"column":218}}],"line":20},"1":{"loc":{"start":{"line":20,"column":47},"end":{"line":20,"column":218}},"type":"if","locations":[{"start":{"line":20,"column":47},"end":{"line":20,"column":218}},{"start":{"line":20,"column":47},"end":{"line":20,"column":218}}],"line":20},"2":{"loc":{"start":{"line":20,"column":92},"end":{"line":20,"column":218}},"type":"if","locations":[{"start":{"line":20,"column":92},"end":{"line":20,"column":218}},{"start":{"line":20,"column":92},"end":{"line":20,"column":218}}],"line":20},"3":{"loc":{"start":{"line":20,"column":136},"end":{"line":20,"column":218}},"type":"if","locations":[{"start":{"line":20,"column":136},"end":{"line":20,"column":218}},{"start":{"line":20,"column":136},"end":{"line":20,"column":218}}],"line":20},"4":{"loc":{"start":{"line":20,"column":180},"end":{"line":20,"column":218}},"type":"if","locations":[{"start":{"line":20,"column":180},"end":{"line":20,"column":218}},{"start":{"line":20,"column":180},"end":{"line":20,"column":218}}],"line":20},"5":{"loc":{"start":{"line":26,"column":2},"end":{"line":35,"column":3}},"type":"switch","locations":[{"start":{"line":27,"column":4},"end":{"line":28,"column":39}},{"start":{"line":29,"column":4},"end":{"line":30,"column":22}},{"start":{"line":31,"column":4},"end":{"line":32,"column":16}},{"start":{"line":33,"column":4},"end":{"line":34,"column":49}}],"line":26},"6":{"loc":{"start":{"line":53,"column":8},"end":{"line":53,"column":52}},"type":"if","locations":[{"start":{"line":53,"column":8},"end":{"line":53,"column":52}},{"start":{"line":53,"column":8},"end":{"line":53,"column":52}}],"line":53}},"s":{"0":2,"1":2,"2":2,"3":2,"4":2,"5":25,"6":25,"7":25,"8":25,"9":25,"10":25,"11":45,"12":21,"13":11,"14":8,"15":3,"16":5,"17":1,"18":4,"19":1,"20":3,"21":1,"22":2,"23":1,"24":1,"25":22,"26":10,"27":2,"28":4,"29":2,"30":2,"31":16,"32":8,"33":2,"34":16,"35":16,"36":16,"37":16,"38":5,"39":4,"40":5,"41":1,"42":15,"43":2},"f":{"0":25,"1":8,"2":22,"3":16,"4":8,"5":16,"6":16,"7":16,"8":15},"b":{"0":[3,5],"1":[1,4],"2":[1,3],"3":[1,2],"4":[1,1],"5":[2,4,2,2],"6":[4,1]},"_coverageSchema":"43e27e138ebf9cfc5966b082cf9a028302ed4184","hash":"71f96712289561c9817770809c845f7a7bcadbf2"}
}
