TN:
SF:/home/domingo/carpaccio/it340-2019-carpaccio-LucDomingo/app/app.js
FNF:0
FNH:0
DA:1,1
DA:2,1
DA:3,1
DA:4,1
DA:6,1
DA:8,1
DA:9,1
DA:11,1
DA:12,1
DA:14,1
LF:10
LH:10
BRF:0
BRH:0
end_of_record
TN:
SF:/home/domingo/carpaccio/it340-2019-carpaccio-LucDomingo/data/tvaRates.js
FNF:0
FNH:0
DA:2,2
DA:3,2
DA:4,2
DA:5,2
DA:6,2
DA:7,2
DA:8,2
DA:9,2
DA:10,2
DA:11,2
DA:12,2
DA:13,2
DA:14,2
DA:15,2
DA:16,2
DA:17,2
DA:18,2
DA:19,2
DA:20,2
DA:21,2
DA:22,2
DA:23,2
DA:24,2
DA:25,2
DA:26,2
DA:27,2
DA:28,2
DA:29,2
DA:30,2
DA:33,2
LF:30
LH:30
BRF:0
BRH:0
end_of_record
TN:
SF:/home/domingo/carpaccio/it340-2019-carpaccio-LucDomingo/exchangeRatesAPI/ApiEndpoints.js
FNF:0
FNH:0
DA:2,3
DA:4,3
LF:2
LH:2
BRF:0
BRH:0
end_of_record
TN:
SF:/home/domingo/carpaccio/it340-2019-carpaccio-LucDomingo/httpRequest/axiosRequest.js
FN:3,requestGet
FN:4,(anonymous_1)
FN:6,(anonymous_2)
FN:9,(anonymous_3)
FN:13,(anonymous_4)
FNF:5
FNH:5
FNDA:19,requestGet
FNDA:19,(anonymous_1)
FNDA:16,(anonymous_2)
FNDA:1,(anonymous_3)
FNDA:1,(anonymous_4)
DA:1,3
DA:4,19
DA:5,19
DA:7,16
DA:10,1
DA:14,1
DA:18,3
LF:7
LH:7
BRF:0
BRH:0
end_of_record
TN:
SF:/home/domingo/carpaccio/it340-2019-carpaccio-LucDomingo/routes/bill.js
FN:6,(anonymous_0)
FN:9,(anonymous_1)
FN:12,(anonymous_2)
FNF:3
FNH:3
FNDA:8,(anonymous_0)
FNDA:3,(anonymous_1)
FNDA:5,(anonymous_2)
DA:1,1
DA:2,1
DA:3,1
DA:5,1
DA:7,8
DA:8,8
DA:10,3
DA:13,5
DA:17,1
LF:9
LH:9
BRF:0
BRH:0
end_of_record
TN:
SF:/home/domingo/carpaccio/it340-2019-carpaccio-LucDomingo/routes/ident.js
FN:5,(anonymous_0)
FNF:1
FNH:1
FNDA:1,(anonymous_0)
DA:1,1
DA:2,1
DA:4,1
DA:6,1
DA:9,1
LF:5
LH:5
BRF:0
BRH:0
end_of_record
TN:
SF:/home/domingo/carpaccio/it340-2019-carpaccio-LucDomingo/testFunction/basic_check.js
FN:1,checkTTC
FN:5,isPositive
FN:10,isQuantities
FN:14,isPrices
FN:18,isDevise
FNF:5
FNH:5
FNDA:23,checkTTC
FNDA:89,isPositive
FNDA:26,isQuantities
FNDA:27,isPrices
FNDA:8,isDevise
DA:2,23
DA:6,89
DA:7,84
DA:11,26
DA:15,27
DA:19,8
DA:22,3
LF:7
LH:7
BRDA:2,0,0,12
BRDA:2,0,1,11
BRDA:2,1,0,23
BRDA:2,1,1,12
BRDA:6,2,0,5
BRDA:6,2,1,84
BRDA:11,3,0,1
BRDA:11,3,1,25
BRDA:15,4,0,2
BRDA:15,4,1,25
BRDA:19,5,0,6
BRDA:19,5,1,2
BRDA:19,6,0,8
BRDA:19,6,1,3
BRF:14
BRH:14
end_of_record
TN:
SF:/home/domingo/carpaccio/it340-2019-carpaccio-LucDomingo/utils/utils.js
FN:7,ttcPrice
FN:19,applyStandardDiscount
FN:24,discount
FN:38,getExchangeRate
FN:42,applyConversion
FN:47,finalPrice
FN:48,(anonymous_6)
FN:51,(anonymous_7)
FN:57,(anonymous_8)
FNF:9
FNH:9
FNDA:25,ttcPrice
FNDA:8,applyStandardDiscount
FNDA:22,discount
FNDA:16,getExchangeRate
FNDA:8,applyConversion
FNDA:16,finalPrice
FNDA:16,(anonymous_6)
FNDA:16,(anonymous_7)
FNDA:15,(anonymous_8)
DA:1,2
DA:2,2
DA:3,2
DA:4,2
DA:5,2
DA:8,25
DA:9,25
DA:10,25
DA:11,25
DA:12,25
DA:13,45
DA:15,21
DA:16,11
DA:20,8
DA:21,1
DA:25,22
DA:26,10
DA:28,2
DA:30,4
DA:32,2
DA:34,2
DA:39,16
DA:43,8
DA:44,2
DA:48,16
DA:49,16
DA:50,16
DA:52,16
DA:53,5
DA:54,5
DA:55,1
DA:58,15
DA:63,2
LF:33
LH:33
BRDA:20,0,0,3
BRDA:20,0,1,5
BRDA:20,1,0,1
BRDA:20,1,1,4
BRDA:20,2,0,1
BRDA:20,2,1,3
BRDA:20,3,0,1
BRDA:20,3,1,2
BRDA:20,4,0,1
BRDA:20,4,1,1
BRDA:26,5,0,2
BRDA:26,5,1,4
BRDA:26,5,2,2
BRDA:26,5,3,2
BRDA:53,6,0,4
BRDA:53,6,1,1
BRF:16
BRH:16
end_of_record
